/home/coke/perl5/perlbrew/perls/perl-5.20.1/bin/perl tools/build/modules-test.pl /home/coke/sandbox/rakudo-star-daily/star-jvm/rakudo-star-daily /home/coke/sandbox/rakudo-star-daily/star-jvm/rakudo-star-daily/install/bin/perl6-j modules/MODULES.txt
Testing modules/xml-writer with /home/coke/sandbox/rakudo-star-daily/star-jvm/rakudo-star-daily/install/bin/perl6-j...
===SORRY!===
java.lang.RuntimeException: No such attribute '$!parts' for this object
t/escaping.t ... 
Dubious, test returned 1 (wstat 256, 0x100)
No subtests run 
===SORRY!===
Could not find XML::Writer in:
    /home/coke/sandbox/rakudo-star-daily/star-jvm/rakudo-star-daily/modules/xml-writer
    /home/coke/sandbox/rakudo-star-daily/star-jvm/rakudo-star-daily/install/share/perl6/runtime
    /home/coke/sandbox/rakudo-star-daily/star-jvm/rakudo-star-daily/install/share/perl6/lib
    /home/coke/sandbox/rakudo-star-daily/star-jvm/rakudo-star-daily/install/share/nqp/lib
    /home/coke/.perl6
    /home/coke/sandbox/rakudo-star-daily/star-jvm/rakudo-star-daily/install/share/perl6/site
    /home/coke/sandbox/rakudo-star-daily/star-jvm/rakudo-star-daily/install/share/perl6/vendor
    /home/coke/sandbox/rakudo-star-daily/star-jvm/rakudo-star-daily/install/share/perl6
    CompUnit::Repository::AbsolutePath<1218877166>
    CompUnit::Repository::NQP<822020229>
    CompUnit::Repository::Perl5<931687652>
t/structure.t .. 
Dubious, test returned 1 (wstat 256, 0x100)
No subtests run 

Test Summary Report
-------------------
t/escaping.t (Wstat: 256 Tests: 0 Failed: 0)
  Non-zero exit status: 1
  Parse errors: No plan found in TAP output
t/structure.t (Wstat: 256 Tests: 0 Failed: 0)
  Non-zero exit status: 1
  Parse errors: No plan found in TAP output
Files=2, Tests=0, 24 wallclock secs ( 0.02 usr  0.01 sys + 57.40 cusr  1.11 csys = 58.54 CPU)
Result: FAIL

Testing modules/svg with /home/coke/sandbox/rakudo-star-daily/star-jvm/rakudo-star-daily/install/bin/perl6-j...
===SORRY!===
Could not find SVG in:
    /home/coke/sandbox/rakudo-star-daily/star-jvm/rakudo-star-daily/modules/svg
    /home/coke/sandbox/rakudo-star-daily/star-jvm/rakudo-star-daily/install/share/perl6/runtime
    /home/coke/sandbox/rakudo-star-daily/star-jvm/rakudo-star-daily/install/share/perl6/lib
    /home/coke/sandbox/rakudo-star-daily/star-jvm/rakudo-star-daily/install/share/nqp/lib
    /home/coke/.perl6
    /home/coke/sandbox/rakudo-star-daily/star-jvm/rakudo-star-daily/install/share/perl6/site
    /home/coke/sandbox/rakudo-star-daily/star-jvm/rakudo-star-daily/install/share/perl6/vendor
    /home/coke/sandbox/rakudo-star-daily/star-jvm/rakudo-star-daily/install/share/perl6
    CompUnit::Repository::AbsolutePath<822020229>
    CompUnit::Repository::NQP<931687652>
    CompUnit::Repository::Perl5<1571096887>
t/basics.t .. 
Dubious, test returned 1 (wstat 256, 0x100)
No subtests run 

Test Summary Report
-------------------
t/basics.t (Wstat: 256 Tests: 0 Failed: 0)
  Non-zero exit status: 1
  Parse errors: No plan found in TAP output
Files=1, Tests=0,  6 wallclock secs ( 0.01 usr  0.01 sys + 11.88 cusr  0.26 csys = 12.16 CPU)
Result: FAIL

Testing modules/svg-plot with /home/coke/sandbox/rakudo-star-daily/star-jvm/rakudo-star-daily/install/bin/perl6-j...
t/series.t .. ok
t/ticks.t ... ok
All tests successful.
Files=2, Tests=10, 55 wallclock secs ( 0.02 usr  0.00 sys + 131.48 cusr  2.46 csys = 133.96 CPU)
Result: PASS

Testing modules/Terminal-ANSIColor with /home/coke/sandbox/rakudo-star-daily/star-jvm/rakudo-star-daily/install/bin/perl6-j...
===SORRY!===
java.lang.RuntimeException: No such attribute '$!parts' for this object
t/00-load.t .. 
Dubious, test returned 1 (wstat 256, 0x100)
No subtests run 

Test Summary Report
-------------------
t/00-load.t (Wstat: 256 Tests: 0 Failed: 0)
  Non-zero exit status: 1
  Parse errors: No plan found in TAP output
Files=1, Tests=0,  4 wallclock secs ( 0.02 usr  0.00 sys +  9.40 cusr  0.22 csys =  9.64 CPU)
Result: FAIL

Testing modules/test-mock with /home/coke/sandbox/rakudo-star-daily/star-jvm/rakudo-star-daily/install/bin/perl6-j...
===SORRY!===
Could not find Test::Mock in:
    /home/coke/sandbox/rakudo-star-daily/star-jvm/rakudo-star-daily/modules/test-mock
    /home/coke/sandbox/rakudo-star-daily/star-jvm/rakudo-star-daily/install/share/perl6/runtime
    /home/coke/sandbox/rakudo-star-daily/star-jvm/rakudo-star-daily/install/share/perl6/lib
    /home/coke/sandbox/rakudo-star-daily/star-jvm/rakudo-star-daily/install/share/nqp/lib
    /home/coke/.perl6
    /home/coke/sandbox/rakudo-star-daily/star-jvm/rakudo-star-daily/install/share/perl6/site
    /home/coke/sandbox/rakudo-star-daily/star-jvm/rakudo-star-daily/install/share/perl6/vendor
    /home/coke/sandbox/rakudo-star-daily/star-jvm/rakudo-star-daily/install/share/perl6
    CompUnit::Repository::AbsolutePath<190870039>
    CompUnit::Repository::NQP<1759660502>
    CompUnit::Repository::Perl5<1616754277>
t/returning.t .. 
Dubious, test returned 1 (wstat 256, 0x100)
No subtests run 
===SORRY!===
Could not find Test::Mock in:
    /home/coke/sandbox/rakudo-star-daily/star-jvm/rakudo-star-daily/modules/test-mock
    /home/coke/sandbox/rakudo-star-daily/star-jvm/rakudo-star-daily/install/share/perl6/runtime
    /home/coke/sandbox/rakudo-star-daily/star-jvm/rakudo-star-daily/install/share/perl6/lib
    /home/coke/sandbox/rakudo-star-daily/star-jvm/rakudo-star-daily/install/share/nqp/lib
    /home/coke/.perl6
    /home/coke/sandbox/rakudo-star-daily/star-jvm/rakudo-star-daily/install/share/perl6/site
    /home/coke/sandbox/rakudo-star-daily/star-jvm/rakudo-star-daily/install/share/perl6/vendor
    /home/coke/sandbox/rakudo-star-daily/star-jvm/rakudo-star-daily/install/share/perl6
    CompUnit::Repository::AbsolutePath<1759660502>
    CompUnit::Repository::NQP<1616754277>
    CompUnit::Repository::Perl5<678548048>
t/synopsis.t ... 
Dubious, test returned 1 (wstat 256, 0x100)
No subtests run 
===SORRY!===
Could not find Test::Mock in:
    /home/coke/sandbox/rakudo-star-daily/star-jvm/rakudo-star-daily/modules/test-mock
    /home/coke/sandbox/rakudo-star-daily/star-jvm/rakudo-star-daily/install/share/perl6/runtime
    /home/coke/sandbox/rakudo-star-daily/star-jvm/rakudo-star-daily/install/share/perl6/lib
    /home/coke/sandbox/rakudo-star-daily/star-jvm/rakudo-star-daily/install/share/nqp/lib
    /home/coke/.perl6
    /home/coke/sandbox/rakudo-star-daily/star-jvm/rakudo-star-daily/install/share/perl6/site
    /home/coke/sandbox/rakudo-star-daily/star-jvm/rakudo-star-daily/install/share/perl6/vendor
    /home/coke/sandbox/rakudo-star-daily/star-jvm/rakudo-star-daily/install/share/perl6
    CompUnit::Repository::AbsolutePath<678548048>
    CompUnit::Repository::NQP<1218877166>
    CompUnit::Repository::Perl5<822020229>
t/with.t ....... 
Dubious, test returned 1 (wstat 256, 0x100)
No subtests run 

Test Summary Report
-------------------
t/returning.t (Wstat: 256 Tests: 0 Failed: 0)
  Non-zero exit status: 1
  Parse errors: No plan found in TAP output
t/synopsis.t (Wstat: 256 Tests: 0 Failed: 0)
  Non-zero exit status: 1
  Parse errors: No plan found in TAP output
t/with.t     (Wstat: 256 Tests: 0 Failed: 0)
  Non-zero exit status: 1
  Parse errors: No plan found in TAP output
Files=3, Tests=0, 33 wallclock secs ( 0.02 usr  0.00 sys + 75.62 cusr  1.41 csys = 77.05 CPU)
Result: FAIL

Testing modules/Grammar-Profiler-Simple with /home/coke/sandbox/rakudo-star-daily/star-jvm/rakudo-star-daily/install/bin/perl6-j...
===SORRY!===
Could not find Grammar::Profiler::Simple in:
    /home/coke/sandbox/rakudo-star-daily/star-jvm/rakudo-star-daily/modules/Grammar-Profiler-Simple
    /home/coke/sandbox/rakudo-star-daily/star-jvm/rakudo-star-daily/install/share/perl6/runtime
    /home/coke/sandbox/rakudo-star-daily/star-jvm/rakudo-star-daily/install/share/perl6/lib
    /home/coke/sandbox/rakudo-star-daily/star-jvm/rakudo-star-daily/install/share/nqp/lib
    /home/coke/.perl6
    /home/coke/sandbox/rakudo-star-daily/star-jvm/rakudo-star-daily/install/share/perl6/site
    /home/coke/sandbox/rakudo-star-daily/star-jvm/rakudo-star-daily/install/share/perl6/vendor
    /home/coke/sandbox/rakudo-star-daily/star-jvm/rakudo-star-daily/install/share/perl6
    CompUnit::Repository::AbsolutePath<190870039>
    CompUnit::Repository::NQP<1759660502>
    CompUnit::Repository::Perl5<1616754277>
t/csv.t .. 
Dubious, test returned 1 (wstat 256, 0x100)
No subtests run 

Test Summary Report
-------------------
t/csv.t (Wstat: 256 Tests: 0 Failed: 0)
  Non-zero exit status: 1
  Parse errors: No plan found in TAP output
Files=1, Tests=0, 20 wallclock secs ( 0.02 usr  0.00 sys + 49.20 cusr  0.74 csys = 49.96 CPU)
Result: FAIL

Testing modules/grammar-debugger with /home/coke/sandbox/rakudo-star-daily/star-jvm/rakudo-star-daily/install/bin/perl6-j...
===SORRY!===
java.lang.RuntimeException: No such attribute '$!parts' for this object
t/debugger.t .. 
Dubious, test returned 1 (wstat 256, 0x100)
No subtests run 
===SORRY!===
java.lang.RuntimeException: No such attribute '$!parts' for this object
t/tracer.t .... 
Dubious, test returned 1 (wstat 256, 0x100)
No subtests run 

Test Summary Report
-------------------
t/debugger.t (Wstat: 256 Tests: 0 Failed: 0)
  Non-zero exit status: 1
  Parse errors: No plan found in TAP output
t/tracer.t  (Wstat: 256 Tests: 0 Failed: 0)
  Non-zero exit status: 1
  Parse errors: No plan found in TAP output
Files=2, Tests=0,  9 wallclock secs ( 0.02 usr  0.00 sys + 19.82 cusr  0.52 csys = 20.36 CPU)
Result: FAIL

Testing modules/Perl6-MIME-Base64 with /home/coke/sandbox/rakudo-star-daily/star-jvm/rakudo-star-daily/install/bin/perl6-j...
===SORRY!===
java.lang.RuntimeException: No such attribute '$!parts' for this object
t/basic.t ................. 
Dubious, test returned 1 (wstat 256, 0x100)
No subtests run 
===SORRY!===
java.lang.RuntimeException: No such attribute '$!parts' for this object
t/binary-and-long-line.t .. 
Dubious, test returned 1 (wstat 256, 0x100)
No subtests run 
===SORRY!===
java.lang.RuntimeException: No such attribute '$!parts' for this object
t/oneline.t ............... 
Dubious, test returned 1 (wstat 256, 0x100)
No subtests run 
===SORRY!===
java.lang.RuntimeException: No such attribute '$!parts' for this object
t/rfc4648-test-vector.t ... 
Dubious, test returned 1 (wstat 256, 0x100)
No subtests run 

Test Summary Report
-------------------
t/basic.t               (Wstat: 256 Tests: 0 Failed: 0)
  Non-zero exit status: 1
  Parse errors: No plan found in TAP output
t/binary-and-long-line.t (Wstat: 256 Tests: 0 Failed: 0)
  Non-zero exit status: 1
  Parse errors: No plan found in TAP output
t/oneline.t             (Wstat: 256 Tests: 0 Failed: 0)
  Non-zero exit status: 1
  Parse errors: No plan found in TAP output
t/rfc4648-test-vector.t (Wstat: 256 Tests: 0 Failed: 0)
  Non-zero exit status: 1
  Parse errors: No plan found in TAP output
Files=4, Tests=0, 17 wallclock secs ( 0.02 usr  0.00 sys + 37.66 cusr  0.94 csys = 38.62 CPU)
Result: FAIL

Testing modules/uri with /home/coke/sandbox/rakudo-star-daily/star-jvm/rakudo-star-daily/install/bin/perl6-j...
===SORRY!===
java.lang.RuntimeException: No such attribute '$!parts' for this object
t/01.t ................... 
Dubious, test returned 1 (wstat 256, 0x100)
No subtests run 
===SORRY!===
java.lang.RuntimeException: No such attribute '$!parts' for this object
t/escape.t ............... 
Dubious, test returned 1 (wstat 256, 0x100)
No subtests run 
===SORRY!===
java.lang.RuntimeException: No such attribute '$!parts' for this object
t/november-urlencoded.t .. 
Dubious, test returned 1 (wstat 256, 0x100)
No subtests run 
===SORRY!===
java.lang.RuntimeException: No such attribute '$!parts' for this object
t/rfc-3986-examples.t .... 
Dubious, test returned 1 (wstat 256, 0x100)
No subtests run 

Test Summary Report
-------------------
t/01.t                 (Wstat: 256 Tests: 0 Failed: 0)
  Non-zero exit status: 1
  Parse errors: No plan found in TAP output
t/escape.t             (Wstat: 256 Tests: 0 Failed: 0)
  Non-zero exit status: 1
  Parse errors: No plan found in TAP output
t/november-urlencoded.t (Wstat: 256 Tests: 0 Failed: 0)
  Non-zero exit status: 1
  Parse errors: No plan found in TAP output
t/rfc-3986-examples.t  (Wstat: 256 Tests: 0 Failed: 0)
  Non-zero exit status: 1
  Parse errors: No plan found in TAP output
Files=4, Tests=0, 18 wallclock secs ( 0.03 usr  0.00 sys + 38.92 cusr  0.99 csys = 39.94 CPU)
Result: FAIL

Testing modules/perl6-lwp-simple with /home/coke/sandbox/rakudo-star-daily/star-jvm/rakudo-star-daily/install/bin/perl6-j...
===SORRY!===
java.lang.RuntimeException: No such attribute '$!parts' for this object
t/000-load-module.t ............. 
Dubious, test returned 1 (wstat 256, 0x100)
No subtests run 
===SORRY!===
java.lang.RuntimeException: No such attribute '$!parts' for this object
t/basic-auth.t .................. 
Dubious, test returned 1 (wstat 256, 0x100)
No subtests run 
===SORRY!===
java.lang.RuntimeException: No such attribute '$!parts' for this object
t/custom-headers-and-content.t .. 
Dubious, test returned 1 (wstat 256, 0x100)
No subtests run 
===SORRY!===
java.lang.RuntimeException: No such attribute '$!parts' for this object
t/get-binary-camelia.t .......... 
Dubious, test returned 1 (wstat 256, 0x100)
No subtests run 
===SORRY!===
java.lang.RuntimeException: No such attribute '$!parts' for this object
t/get-chunked-6guts.t ........... 
Dubious, test returned 1 (wstat 256, 0x100)
No subtests run 
===SORRY!===
java.lang.RuntimeException: No such attribute '$!parts' for this object
t/get-perl6-org.t ............... 
Dubious, test returned 1 (wstat 256, 0x100)
No subtests run 
===SORRY!===
java.lang.RuntimeException: No such attribute '$!parts' for this object
t/get-unsized.t ................. 
Dubious, test returned 1 (wstat 256, 0x100)
No subtests run 
===SORRY!===
java.lang.RuntimeException: No such attribute '$!parts' for this object
t/get-w3-latin1-utf8.t .......... 
Dubious, test returned 1 (wstat 256, 0x100)
No subtests run 
===SORRY!===
java.lang.RuntimeException: No such attribute '$!parts' for this object
t/get-w3-redirect.t ............. 
Dubious, test returned 1 (wstat 256, 0x100)
No subtests run 
===SORRY!===
java.lang.RuntimeException: No such attribute '$!parts' for this object
t/getstore.t .................... 
Dubious, test returned 1 (wstat 256, 0x100)
No subtests run 
===SORRY!===
java.lang.RuntimeException: No such attribute '$!parts' for this object
t/parse-url.t ................... 
Dubious, test returned 1 (wstat 256, 0x100)
No subtests run 
===SORRY!===
java.lang.RuntimeException: No such attribute '$!parts' for this object
t/socket-sanity.t ............... 
Dubious, test returned 1 (wstat 256, 0x100)
No subtests run 
===SORRY!===
java.lang.RuntimeException: No such attribute '$!parts' for this object
t/stringify-headers.t ........... 
Dubious, test returned 1 (wstat 256, 0x100)
No subtests run 

Test Summary Report
-------------------
t/000-load-module.t           (Wstat: 256 Tests: 0 Failed: 0)
  Non-zero exit status: 1
  Parse errors: No plan found in TAP output
t/basic-auth.t                (Wstat: 256 Tests: 0 Failed: 0)
  Non-zero exit status: 1
  Parse errors: No plan found in TAP output
t/custom-headers-and-content.t (Wstat: 256 Tests: 0 Failed: 0)
  Non-zero exit status: 1
  Parse errors: No plan found in TAP output
t/get-binary-camelia.t        (Wstat: 256 Tests: 0 Failed: 0)
  Non-zero exit status: 1
  Parse errors: No plan found in TAP output
t/get-chunked-6guts.t         (Wstat: 256 Tests: 0 Failed: 0)
  Non-zero exit status: 1
  Parse errors: No plan found in TAP output
t/get-perl6-org.t             (Wstat: 256 Tests: 0 Failed: 0)
  Non-zero exit status: 1
  Parse errors: No plan found in TAP output
t/get-unsized.t               (Wstat: 256 Tests: 0 Failed: 0)
  Non-zero exit status: 1
  Parse errors: No plan found in TAP output
t/get-w3-latin1-utf8.t        (Wstat: 256 Tests: 0 Failed: 0)
  Non-zero exit status: 1
  Parse errors: No plan found in TAP output
t/get-w3-redirect.t           (Wstat: 256 Tests: 0 Failed: 0)
  Non-zero exit status: 1
  Parse errors: No plan found in TAP output
t/getstore.t                  (Wstat: 256 Tests: 0 Failed: 0)
  Non-zero exit status: 1
  Parse errors: No plan found in TAP output
t/parse-url.t                 (Wstat: 256 Tests: 0 Failed: 0)
  Non-zero exit status: 1
  Parse errors: No plan found in TAP output
t/socket-sanity.t             (Wstat: 256 Tests: 0 Failed: 0)
  Non-zero exit status: 1
  Parse errors: No plan found in TAP output
t/stringify-headers.t         (Wstat: 256 Tests: 0 Failed: 0)
  Non-zero exit status: 1
  Parse errors: No plan found in TAP output
Files=13, Tests=0, 56 wallclock secs ( 0.04 usr  0.01 sys + 126.90 cusr  2.85 csys = 129.80 CPU)
Result: FAIL

Testing modules/json with /home/coke/sandbox/rakudo-star-daily/star-jvm/rakudo-star-daily/install/bin/perl6-j...
===SORRY!===
java.lang.RuntimeException: No such attribute '$!parts' for this object
t/01-parse.t ...... 
Dubious, test returned 1 (wstat 256, 0x100)
No subtests run 
===SORRY!===
java.lang.RuntimeException: No such attribute '$!parts' for this object
t/02-structure.t .. 
Dubious, test returned 1 (wstat 256, 0x100)
No subtests run 
===SORRY!===
java.lang.RuntimeException: No such attribute '$!parts' for this object
t/03-unicode.t .... 
Dubious, test returned 1 (wstat 256, 0x100)
No subtests run 
===SORRY!===
Could not find JSON::Tiny in:
    /home/coke/sandbox/rakudo-star-daily/star-jvm/rakudo-star-daily/modules/json
    /home/coke/sandbox/rakudo-star-daily/star-jvm/rakudo-star-daily/install/share/perl6/runtime
    /home/coke/sandbox/rakudo-star-daily/star-jvm/rakudo-star-daily/install/share/perl6/lib
    /home/coke/sandbox/rakudo-star-daily/star-jvm/rakudo-star-daily/install/share/nqp/lib
    /home/coke/.perl6
    /home/coke/sandbox/rakudo-star-daily/star-jvm/rakudo-star-daily/install/share/perl6/site
    /home/coke/sandbox/rakudo-star-daily/star-jvm/rakudo-star-daily/install/share/perl6/vendor
    /home/coke/sandbox/rakudo-star-daily/star-jvm/rakudo-star-daily/install/share/perl6
    CompUnit::Repository::AbsolutePath<1759660502>
    CompUnit::Repository::NQP<1616754277>
    CompUnit::Repository::Perl5<678548048>
t/04-roundtrip.t .. 
Dubious, test returned 1 (wstat 256, 0x100)
No subtests run 
===SORRY!===
java.lang.RuntimeException: No such attribute '$!parts' for this object
t/05-utf16.t ...... 
Dubious, test returned 1 (wstat 256, 0x100)
No subtests run 

Test Summary Report
-------------------
t/01-parse.t    (Wstat: 256 Tests: 0 Failed: 0)
  Non-zero exit status: 1
  Parse errors: No plan found in TAP output
t/02-structure.t (Wstat: 256 Tests: 0 Failed: 0)
  Non-zero exit status: 1
  Parse errors: No plan found in TAP output
t/03-unicode.t  (Wstat: 256 Tests: 0 Failed: 0)
  Non-zero exit status: 1
  Parse errors: No plan found in TAP output
t/04-roundtrip.t (Wstat: 256 Tests: 0 Failed: 0)
  Non-zero exit status: 1
  Parse errors: No plan found in TAP output
t/05-utf16.t    (Wstat: 256 Tests: 0 Failed: 0)
  Non-zero exit status: 1
  Parse errors: No plan found in TAP output
Files=5, Tests=0, 37 wallclock secs ( 0.03 usr  0.00 sys + 85.88 cusr  1.68 csys = 87.59 CPU)
Result: FAIL

Testing modules/perl6-digest-md5 with /home/coke/sandbox/rakudo-star-daily/star-jvm/rakudo-star-daily/install/bin/perl6-j...
===SORRY!===
Could not find Digest::MD5 in:
    /home/coke/sandbox/rakudo-star-daily/star-jvm/rakudo-star-daily/modules/perl6-digest-md5
    /home/coke/sandbox/rakudo-star-daily/star-jvm/rakudo-star-daily/install/share/perl6/runtime
    /home/coke/sandbox/rakudo-star-daily/star-jvm/rakudo-star-daily/install/share/perl6/lib
    /home/coke/sandbox/rakudo-star-daily/star-jvm/rakudo-star-daily/install/share/nqp/lib
    /home/coke/.perl6
    /home/coke/sandbox/rakudo-star-daily/star-jvm/rakudo-star-daily/install/share/perl6/site
    /home/coke/sandbox/rakudo-star-daily/star-jvm/rakudo-star-daily/install/share/perl6/vendor
    /home/coke/sandbox/rakudo-star-daily/star-jvm/rakudo-star-daily/install/share/perl6
    CompUnit::Repository::AbsolutePath<766827136>
    CompUnit::Repository::NQP<1014309105>
    CompUnit::Repository::Perl5<767937849>
t/0-load-module.t .. 
Dubious, test returned 1 (wstat 256, 0x100)
No subtests run 
===SORRY!===
java.lang.RuntimeException: No such attribute '$!parts' for this object
t/1-readme.t ....... 
Dubious, test returned 1 (wstat 256, 0x100)
No subtests run 
===SORRY!===
Could not find Digest::MD5 in:
    /home/coke/sandbox/rakudo-star-daily/star-jvm/rakudo-star-daily/modules/perl6-digest-md5
    /home/coke/sandbox/rakudo-star-daily/star-jvm/rakudo-star-daily/install/share/perl6/runtime
    /home/coke/sandbox/rakudo-star-daily/star-jvm/rakudo-star-daily/install/share/perl6/lib
    /home/coke/sandbox/rakudo-star-daily/star-jvm/rakudo-star-daily/install/share/nqp/lib
    /home/coke/.perl6
    /home/coke/sandbox/rakudo-star-daily/star-jvm/rakudo-star-daily/install/share/perl6/site
    /home/coke/sandbox/rakudo-star-daily/star-jvm/rakudo-star-daily/install/share/perl6/vendor
    /home/coke/sandbox/rakudo-star-daily/star-jvm/rakudo-star-daily/install/share/perl6
    CompUnit::Repository::AbsolutePath<1218877166>
    CompUnit::Repository::NQP<822020229>
    CompUnit::Repository::Perl5<931687652>
t/perl5-compat.t ... 
Dubious, test returned 1 (wstat 256, 0x100)
No subtests run 

Test Summary Report
-------------------
t/0-load-module.t (Wstat: 256 Tests: 0 Failed: 0)
  Non-zero exit status: 1
  Parse errors: No plan found in TAP output
t/1-readme.t     (Wstat: 256 Tests: 0 Failed: 0)
  Non-zero exit status: 1
  Parse errors: No plan found in TAP output
t/perl5-compat.t (Wstat: 256 Tests: 0 Failed: 0)
  Non-zero exit status: 1
  Parse errors: No plan found in TAP output
Files=3, Tests=0, 30 wallclock secs ( 0.03 usr  0.00 sys + 70.94 cusr  1.49 csys = 72.46 CPU)
Result: FAIL

Testing modules/perl6-http-status with /home/coke/sandbox/rakudo-star-daily/star-jvm/rakudo-star-daily/install/bin/perl6-j...
===SORRY!===
java.lang.RuntimeException: No such attribute '$!parts' for this object
t/01-basic.t ..... 
Dubious, test returned 1 (wstat 256, 0x100)
No subtests run 
===SORRY!===
java.lang.RuntimeException: No such attribute '$!parts' for this object
t/02-is-tests.t .. 
Dubious, test returned 1 (wstat 256, 0x100)
No subtests run 

Test Summary Report
-------------------
t/01-basic.t   (Wstat: 256 Tests: 0 Failed: 0)
  Non-zero exit status: 1
  Parse errors: No plan found in TAP output
t/02-is-tests.t (Wstat: 256 Tests: 0 Failed: 0)
  Non-zero exit status: 1
  Parse errors: No plan found in TAP output
Files=2, Tests=0, 10 wallclock secs ( 0.01 usr  0.01 sys + 20.40 cusr  0.54 csys = 20.96 CPU)
Result: FAIL

Testing modules/p6-Template-Mustache with /home/coke/sandbox/rakudo-star-daily/star-jvm/rakudo-star-daily/install/bin/perl6-j...
===SORRY!===
java.lang.RuntimeException: No such attribute '$!parts' for this object
t/01-basic.t ....... 
Dubious, test returned 1 (wstat 256, 0x100)
No subtests run 
===SORRY!===
java.lang.RuntimeException: No such attribute '$!parts' for this object
t/02-file.t ........ 
Dubious, test returned 1 (wstat 256, 0x100)
No subtests run 
===SORRY!===
java.lang.RuntimeException: No such attribute '$!parts' for this object
t/03-cascade.t ..... 
Dubious, test returned 1 (wstat 256, 0x100)
No subtests run 
===SORRY!===
java.lang.RuntimeException: No such attribute '$!parts' for this object
t/04-lambda.t ...... 
Dubious, test returned 1 (wstat 256, 0x100)
No subtests run 
===SORRY!===
java.lang.RuntimeException: No such attribute '$!parts' for this object
t/10-objects.t ..... 
Dubious, test returned 1 (wstat 256, 0x100)
No subtests run 
===SORRY!===
java.lang.RuntimeException: No such attribute '$!parts' for this object
t/50-readme.t ...... 
Dubious, test returned 1 (wstat 256, 0x100)
No subtests run 
===SORRY!===
java.lang.RuntimeException: No such attribute '$!parts' for this object
t/91-specs.t ....... 
Dubious, test returned 1 (wstat 256, 0x100)
No subtests run 
===SORRY!===
java.lang.RuntimeException: No such attribute '$!parts' for this object
t/92-specs-file.t .. 
Dubious, test returned 1 (wstat 256, 0x100)
No subtests run 

Test Summary Report
-------------------
t/01-basic.t     (Wstat: 256 Tests: 0 Failed: 0)
  Non-zero exit status: 1
  Parse errors: No plan found in TAP output
t/02-file.t      (Wstat: 256 Tests: 0 Failed: 0)
  Non-zero exit status: 1
  Parse errors: No plan found in TAP output
t/03-cascade.t   (Wstat: 256 Tests: 0 Failed: 0)
  Non-zero exit status: 1
  Parse errors: No plan found in TAP output
t/04-lambda.t    (Wstat: 256 Tests: 0 Failed: 0)
  Non-zero exit status: 1
  Parse errors: No plan found in TAP output
t/10-objects.t   (Wstat: 256 Tests: 0 Failed: 0)
  Non-zero exit status: 1
  Parse errors: No plan found in TAP output
t/50-readme.t    (Wstat: 256 Tests: 0 Failed: 0)
  Non-zero exit status: 1
  Parse errors: No plan found in TAP output
t/91-specs.t     (Wstat: 256 Tests: 0 Failed: 0)
  Non-zero exit status: 1
  Parse errors: No plan found in TAP output
t/92-specs-file.t (Wstat: 256 Tests: 0 Failed: 0)
  Non-zero exit status: 1
  Parse errors: No plan found in TAP output
Files=8, Tests=0, 33 wallclock secs ( 0.03 usr  0.00 sys + 76.19 cusr  1.91 csys = 78.13 CPU)
Result: FAIL

Testing modules/PSGI with /home/coke/sandbox/rakudo-star-daily/star-jvm/rakudo-star-daily/install/bin/perl6-j...
===SORRY!===
java.lang.RuntimeException: No such attribute '$!parts' for this object
t/encode-psgi-response.t .. 
Dubious, test returned 1 (wstat 256, 0x100)
No subtests run 
===SORRY!===
java.lang.RuntimeException: No such attribute '$!parts' for this object
t/populate-psgi-env.t ..... 
Dubious, test returned 1 (wstat 256, 0x100)
No subtests run 

Test Summary Report
-------------------
t/encode-psgi-response.t (Wstat: 256 Tests: 0 Failed: 0)
  Non-zero exit status: 1
  Parse errors: No plan found in TAP output
t/populate-psgi-env.t   (Wstat: 256 Tests: 0 Failed: 0)
  Non-zero exit status: 1
  Parse errors: No plan found in TAP output
Files=2, Tests=0,  8 wallclock secs ( 0.03 usr  0.00 sys + 19.12 cusr  0.46 csys = 19.61 CPU)
Result: FAIL

Testing modules/perl6-http-easy with /home/coke/sandbox/rakudo-star-daily/star-jvm/rakudo-star-daily/install/bin/perl6-j...
===SORRY!===
java.lang.RuntimeException: No such attribute '$!parts' for this object
t/01-load.t .. 
Dubious, test returned 1 (wstat 256, 0x100)
No subtests run 

Test Summary Report
-------------------
t/01-load.t (Wstat: 256 Tests: 0 Failed: 0)
  Non-zero exit status: 1
  Parse errors: No plan found in TAP output
Files=1, Tests=0,  4 wallclock secs ( 0.02 usr  0.00 sys +  9.63 cusr  0.19 csys =  9.84 CPU)
Result: FAIL

Testing modules/Template-Mojo with /home/coke/sandbox/rakudo-star-daily/star-jvm/rakudo-star-daily/install/bin/perl6-j...
===SORRY!===
Could not find Template::Mojo in:
    /home/coke/sandbox/rakudo-star-daily/star-jvm/rakudo-star-daily/modules/Template-Mojo
    /home/coke/sandbox/rakudo-star-daily/star-jvm/rakudo-star-daily/install/share/perl6/runtime
    /home/coke/sandbox/rakudo-star-daily/star-jvm/rakudo-star-daily/install/share/perl6/lib
    /home/coke/sandbox/rakudo-star-daily/star-jvm/rakudo-star-daily/install/share/nqp/lib
    /home/coke/.perl6
    /home/coke/sandbox/rakudo-star-daily/star-jvm/rakudo-star-daily/install/share/perl6/site
    /home/coke/sandbox/rakudo-star-daily/star-jvm/rakudo-star-daily/install/share/perl6/vendor
    /home/coke/sandbox/rakudo-star-daily/star-jvm/rakudo-star-daily/install/share/perl6
    CompUnit::Repository::AbsolutePath<678548048>
    CompUnit::Repository::NQP<1218877166>
    CompUnit::Repository::Perl5<822020229>
t/00-basic.t ..... 
Dubious, test returned 1 (wstat 256, 0x100)
No subtests run 
===SORRY!===
java.lang.RuntimeException: No such attribute '$!parts' for this object
t/01-template.t .. 
Dubious, test returned 1 (wstat 256, 0x100)
No subtests run 
===SORRY!===
java.lang.RuntimeException: No such attribute '$!parts' for this object
t/02-complex.t ... 
Dubious, test returned 1 (wstat 256, 0x100)
No subtests run 
===SORRY!===
java.lang.RuntimeException: No such attribute '$!parts' for this object
t/03-capture.t ... 
Dubious, test returned 1 (wstat 256, 0x100)
No subtests run 

Test Summary Report
-------------------
t/00-basic.t   (Wstat: 256 Tests: 0 Failed: 0)
  Non-zero exit status: 1
  Parse errors: No plan found in TAP output
t/01-template.t (Wstat: 256 Tests: 0 Failed: 0)
  Non-zero exit status: 1
  Parse errors: No plan found in TAP output
t/02-complex.t (Wstat: 256 Tests: 0 Failed: 0)
  Non-zero exit status: 1
  Parse errors: No plan found in TAP output
t/03-capture.t (Wstat: 256 Tests: 0 Failed: 0)
  Non-zero exit status: 1
  Parse errors: No plan found in TAP output
Files=4, Tests=0, 32 wallclock secs ( 0.03 usr  0.00 sys + 76.74 cusr  1.65 csys = 78.42 CPU)
Result: FAIL

Testing modules/Bailador with /home/coke/sandbox/rakudo-star-daily/star-jvm/rakudo-star-daily/install/bin/perl6-j...
===SORRY!===
Could not find Bailador in:
    /home/coke/sandbox/rakudo-star-daily/star-jvm/rakudo-star-daily/modules/Bailador
    /home/coke/sandbox/rakudo-star-daily/star-jvm/rakudo-star-daily/install/share/perl6/runtime
    /home/coke/sandbox/rakudo-star-daily/star-jvm/rakudo-star-daily/install/share/perl6/lib
    /home/coke/sandbox/rakudo-star-daily/star-jvm/rakudo-star-daily/install/share/nqp/lib
    /home/coke/.perl6
    /home/coke/sandbox/rakudo-star-daily/star-jvm/rakudo-star-daily/install/share/perl6/site
    /home/coke/sandbox/rakudo-star-daily/star-jvm/rakudo-star-daily/install/share/perl6/vendor
    /home/coke/sandbox/rakudo-star-daily/star-jvm/rakudo-star-daily/install/share/perl6
    CompUnit::Repository::AbsolutePath<354709673>
    CompUnit::Repository::NQP<190870039>
    CompUnit::Repository::Perl5<1759660502>
t/01-route-existance.t ..... 
Dubious, test returned 1 (wstat 256, 0x100)
No subtests run 
===SORRY!===
Could not find Bailador in:
    /home/coke/sandbox/rakudo-star-daily/star-jvm/rakudo-star-daily/modules/Bailador
    /home/coke/sandbox/rakudo-star-daily/star-jvm/rakudo-star-daily/install/share/perl6/runtime
    /home/coke/sandbox/rakudo-star-daily/star-jvm/rakudo-star-daily/install/share/perl6/lib
    /home/coke/sandbox/rakudo-star-daily/star-jvm/rakudo-star-daily/install/share/nqp/lib
    /home/coke/.perl6
    /home/coke/sandbox/rakudo-star-daily/star-jvm/rakudo-star-daily/install/share/perl6/site
    /home/coke/sandbox/rakudo-star-daily/star-jvm/rakudo-star-daily/install/share/perl6/vendor
    /home/coke/sandbox/rakudo-star-daily/star-jvm/rakudo-star-daily/install/share/perl6
    CompUnit::Repository::AbsolutePath<1218877166>
    CompUnit::Repository::NQP<822020229>
    CompUnit::Repository::Perl5<931687652>
t/03-response-content.t .... 
Dubious, test returned 1 (wstat 256, 0x100)
No subtests run 
===SORRY!===
Could not find Bailador in:
    /home/coke/sandbox/rakudo-star-daily/star-jvm/rakudo-star-daily/modules/Bailador
    /home/coke/sandbox/rakudo-star-daily/star-jvm/rakudo-star-daily/install/share/perl6/runtime
    /home/coke/sandbox/rakudo-star-daily/star-jvm/rakudo-star-daily/install/share/perl6/lib
    /home/coke/sandbox/rakudo-star-daily/star-jvm/rakudo-star-daily/install/share/nqp/lib
    /home/coke/.perl6
    /home/coke/sandbox/rakudo-star-daily/star-jvm/rakudo-star-daily/install/share/perl6/site
    /home/coke/sandbox/rakudo-star-daily/star-jvm/rakudo-star-daily/install/share/perl6/vendor
    /home/coke/sandbox/rakudo-star-daily/star-jvm/rakudo-star-daily/install/share/perl6
    CompUnit::Repository::AbsolutePath<1014309105>
    CompUnit::Repository::NQP<767937849>
    CompUnit::Repository::Perl5<354709673>
t/04-templates-mustache.t .. 
Dubious, test returned 1 (wstat 256, 0x100)
No subtests run 
===SORRY!===
Could not find Bailador in:
    /home/coke/sandbox/rakudo-star-daily/star-jvm/rakudo-star-daily/modules/Bailador
    /home/coke/sandbox/rakudo-star-daily/star-jvm/rakudo-star-daily/install/share/perl6/runtime
    /home/coke/sandbox/rakudo-star-daily/star-jvm/rakudo-star-daily/install/share/perl6/lib
    /home/coke/sandbox/rakudo-star-daily/star-jvm/rakudo-star-daily/install/share/nqp/lib
    /home/coke/.perl6
    /home/coke/sandbox/rakudo-star-daily/star-jvm/rakudo-star-daily/install/share/perl6/site
    /home/coke/sandbox/rakudo-star-daily/star-jvm/rakudo-star-daily/install/share/perl6/vendor
    /home/coke/sandbox/rakudo-star-daily/star-jvm/rakudo-star-daily/install/share/perl6
    CompUnit::Repository::AbsolutePath<354709673>
    CompUnit::Repository::NQP<190870039>
    CompUnit::Repository::Perl5<1759660502>
t/04-templates.t ........... 
Dubious, test returned 1 (wstat 256, 0x100)
No subtests run 
===SORRY!===
Could not find Bailador in:
    /home/coke/sandbox/rakudo-star-daily/star-jvm/rakudo-star-daily/modules/Bailador
    /home/coke/sandbox/rakudo-star-daily/star-jvm/rakudo-star-daily/install/share/perl6/runtime
    /home/coke/sandbox/rakudo-star-daily/star-jvm/rakudo-star-daily/install/share/perl6/lib
    /home/coke/sandbox/rakudo-star-daily/star-jvm/rakudo-star-daily/install/share/nqp/lib
    /home/coke/.perl6
    /home/coke/sandbox/rakudo-star-daily/star-jvm/rakudo-star-daily/install/share/perl6/site
    /home/coke/sandbox/rakudo-star-daily/star-jvm/rakudo-star-daily/install/share/perl6/vendor
    /home/coke/sandbox/rakudo-star-daily/star-jvm/rakudo-star-daily/install/share/perl6
    CompUnit::Repository::AbsolutePath<767937849>
    CompUnit::Repository::NQP<354709673>
    CompUnit::Repository::Perl5<190870039>
t/05-post-content.t ........ 
Dubious, test returned 1 (wstat 256, 0x100)
No subtests run 
===SORRY!===
java.lang.RuntimeException: No such attribute '$!parts' for this object
t/06-cookies.t ............. 
Dubious, test returned 1 (wstat 256, 0x100)
No subtests run 
===SORRY!===
Could not find Bailador in:
    /home/coke/sandbox/rakudo-star-daily/star-jvm/rakudo-star-daily/modules/Bailador
    /home/coke/sandbox/rakudo-star-daily/star-jvm/rakudo-star-daily/install/share/perl6/runtime
    /home/coke/sandbox/rakudo-star-daily/star-jvm/rakudo-star-daily/install/share/perl6/lib
    /home/coke/sandbox/rakudo-star-daily/star-jvm/rakudo-star-daily/install/share/nqp/lib
    /home/coke/.perl6
    /home/coke/sandbox/rakudo-star-daily/star-jvm/rakudo-star-daily/install/share/perl6/site
    /home/coke/sandbox/rakudo-star-daily/star-jvm/rakudo-star-daily/install/share/perl6/vendor
    /home/coke/sandbox/rakudo-star-daily/star-jvm/rakudo-star-daily/install/share/perl6
    CompUnit::Repository::AbsolutePath<931687652>
    CompUnit::Repository::NQP<1571096887>
    CompUnit::Repository::Perl5<2113939944>
t/07-errors.t .............. 
Dubious, test returned 1 (wstat 256, 0x100)
No subtests run 

Test Summary Report
-------------------
t/01-route-existance.t   (Wstat: 256 Tests: 0 Failed: 0)
  Non-zero exit status: 1
  Parse errors: No plan found in TAP output
t/03-response-content.t  (Wstat: 256 Tests: 0 Failed: 0)
  Non-zero exit status: 1
  Parse errors: No plan found in TAP output
t/04-templates-mustache.t (Wstat: 256 Tests: 0 Failed: 0)
  Non-zero exit status: 1
  Parse errors: No plan found in TAP output
t/04-templates.t         (Wstat: 256 Tests: 0 Failed: 0)
  Non-zero exit status: 1
  Parse errors: No plan found in TAP output
t/05-post-content.t      (Wstat: 256 Tests: 0 Failed: 0)
  Non-zero exit status: 1
  Parse errors: No plan found in TAP output
t/06-cookies.t           (Wstat: 256 Tests: 0 Failed: 0)
  Non-zero exit status: 1
  Parse errors: No plan found in TAP output
t/07-errors.t            (Wstat: 256 Tests: 0 Failed: 0)
  Non-zero exit status: 1
  Parse errors: No plan found in TAP output
Files=7, Tests=0, 57 wallclock secs ( 0.03 usr  0.01 sys + 126.25 cusr  2.77 csys = 129.06 CPU)
Result: FAIL

Testing modules/DBIish with /home/coke/sandbox/rakudo-star-daily/star-jvm/rakudo-star-daily/install/bin/perl6-j...
===SORRY!===
java.lang.RuntimeException: No such attribute '$!parts' for this object
t/01-Basic.t .............. 
Dubious, test returned 1 (wstat 256, 0x100)
No subtests run 
===SORRY!===
java.lang.RuntimeException: No such attribute '$!parts' for this object
t/05-mock.t ............... 
Dubious, test returned 1 (wstat 256, 0x100)
No subtests run 
===SORRY!===
java.lang.RuntimeException: No such attribute '$!parts' for this object
t/10-mysql.t .............. 
Dubious, test returned 1 (wstat 256, 0x100)
No subtests run 
===SORRY!===
java.lang.RuntimeException: No such attribute '$!parts' for this object
t/25-mysql-common.t ....... 
Dubious, test returned 1 (wstat 256, 0x100)
No subtests run 
===SORRY!===
java.lang.RuntimeException: No such attribute '$!parts' for this object
t/26-mysql-blob.t ......... 
Dubious, test returned 1 (wstat 256, 0x100)
No subtests run 
===SORRY!===
java.lang.RuntimeException: No such attribute '$!parts' for this object
t/30-pg.t ................. 
Dubious, test returned 1 (wstat 256, 0x100)
No subtests run 
===SORRY!===
java.lang.RuntimeException: No such attribute '$!parts' for this object
t/35-pg-common.t .......... 
Dubious, test returned 1 (wstat 256, 0x100)
No subtests run 
===SORRY!===
java.lang.RuntimeException: No such attribute '$!parts' for this object
t/36-pg-array.t ........... 
Dubious, test returned 1 (wstat 256, 0x100)
No subtests run 
===SORRY!===
java.lang.RuntimeException: No such attribute '$!parts' for this object
t/36-pg-blob.t ............ 
Dubious, test returned 1 (wstat 256, 0x100)
No subtests run 
===SORRY!===
java.lang.RuntimeException: No such attribute '$!parts' for this object
t/40-sqlite-common.t ...... 
Dubious, test returned 1 (wstat 256, 0x100)
No subtests run 
===SORRY!===
java.lang.RuntimeException: No such attribute '$!parts' for this object
t/41-sqlite-exec-error.t .. 
Dubious, test returned 1 (wstat 256, 0x100)
No subtests run 
===SORRY!===
java.lang.RuntimeException: No such attribute '$!parts' for this object
t/45-oracle-common.t ...... 
Dubious, test returned 1 (wstat 256, 0x100)
No subtests run 

Test Summary Report
-------------------
t/01-Basic.t            (Wstat: 256 Tests: 0 Failed: 0)
  Non-zero exit status: 1
  Parse errors: No plan found in TAP output
t/05-mock.t             (Wstat: 256 Tests: 0 Failed: 0)
  Non-zero exit status: 1
  Parse errors: No plan found in TAP output
t/10-mysql.t            (Wstat: 256 Tests: 0 Failed: 0)
  Non-zero exit status: 1
  Parse errors: No plan found in TAP output
t/25-mysql-common.t     (Wstat: 256 Tests: 0 Failed: 0)
  Non-zero exit status: 1
  Parse errors: No plan found in TAP output
t/26-mysql-blob.t       (Wstat: 256 Tests: 0 Failed: 0)
  Non-zero exit status: 1
  Parse errors: No plan found in TAP output
t/30-pg.t               (Wstat: 256 Tests: 0 Failed: 0)
  Non-zero exit status: 1
  Parse errors: No plan found in TAP output
t/35-pg-common.t        (Wstat: 256 Tests: 0 Failed: 0)
  Non-zero exit status: 1
  Parse errors: No plan found in TAP output
t/36-pg-array.t         (Wstat: 256 Tests: 0 Failed: 0)
  Non-zero exit status: 1
  Parse errors: No plan found in TAP output
t/36-pg-blob.t          (Wstat: 256 Tests: 0 Failed: 0)
  Non-zero exit status: 1
  Parse errors: No plan found in TAP output
t/40-sqlite-common.t    (Wstat: 256 Tests: 0 Failed: 0)
  Non-zero exit status: 1
  Parse errors: No plan found in TAP output
t/41-sqlite-exec-error.t (Wstat: 256 Tests: 0 Failed: 0)
  Non-zero exit status: 1
  Parse errors: No plan found in TAP output
t/45-oracle-common.t    (Wstat: 256 Tests: 0 Failed: 0)
  Non-zero exit status: 1
  Parse errors: No plan found in TAP output
Files=12, Tests=0, 87 wallclock secs ( 0.05 usr  0.00 sys + 198.47 cusr  4.35 csys = 202.87 CPU)
Result: FAIL

Testing modules/jsonrpc with /home/coke/sandbox/rakudo-star-daily/star-jvm/rakudo-star-daily/install/bin/perl6-j...
===SORRY!===
Could not find JSON::Tiny in:
    /home/coke/sandbox/rakudo-star-daily/star-jvm/rakudo-star-daily/modules/jsonrpc/lib
    /home/coke/sandbox/rakudo-star-daily/star-jvm/rakudo-star-daily/modules/jsonrpc
    /home/coke/sandbox/rakudo-star-daily/star-jvm/rakudo-star-daily/install/share/perl6/runtime
    /home/coke/sandbox/rakudo-star-daily/star-jvm/rakudo-star-daily/install/share/perl6/lib
    /home/coke/sandbox/rakudo-star-daily/star-jvm/rakudo-star-daily/install/share/nqp/lib
    /home/coke/.perl6
    /home/coke/sandbox/rakudo-star-daily/star-jvm/rakudo-star-daily/install/share/perl6/site
    /home/coke/sandbox/rakudo-star-daily/star-jvm/rakudo-star-daily/install/share/perl6/vendor
    /home/coke/sandbox/rakudo-star-daily/star-jvm/rakudo-star-daily/install/share/perl6
    CompUnit::Repository::AbsolutePath<2043134315>
    CompUnit::Repository::NQP<694916675>
    CompUnit::Repository::Perl5<1448484339>
t/client.t .. 
Dubious, test returned 1 (wstat 256, 0x100)
No subtests run 
===SORRY!===
Could not find JSON::Tiny in:
    /home/coke/sandbox/rakudo-star-daily/star-jvm/rakudo-star-daily/modules/jsonrpc/lib
    /home/coke/sandbox/rakudo-star-daily/star-jvm/rakudo-star-daily/modules/jsonrpc
    /home/coke/sandbox/rakudo-star-daily/star-jvm/rakudo-star-daily/install/share/perl6/runtime
    /home/coke/sandbox/rakudo-star-daily/star-jvm/rakudo-star-daily/install/share/perl6/lib
    /home/coke/sandbox/rakudo-star-daily/star-jvm/rakudo-star-daily/install/share/nqp/lib
    /home/coke/.perl6
    /home/coke/sandbox/rakudo-star-daily/star-jvm/rakudo-star-daily/install/share/perl6/site
    /home/coke/sandbox/rakudo-star-daily/star-jvm/rakudo-star-daily/install/share/perl6/vendor
    /home/coke/sandbox/rakudo-star-daily/star-jvm/rakudo-star-daily/install/share/perl6
    CompUnit::Repository::AbsolutePath<227241277>
    CompUnit::Repository::NQP<1018218173>
    CompUnit::Repository::Perl5<2043134315>
t/server.t .. 
Dubious, test returned 1 (wstat 256, 0x100)
No subtests run 

Test Summary Report
-------------------
t/client.t (Wstat: 256 Tests: 0 Failed: 0)
  Non-zero exit status: 1
  Parse errors: No plan found in TAP output
t/server.t (Wstat: 256 Tests: 0 Failed: 0)
  Non-zero exit status: 1
  Parse errors: No plan found in TAP output
Files=2, Tests=0, 27 wallclock secs ( 0.02 usr  0.00 sys + 64.57 cusr  1.15 csys = 65.74 CPU)
Result: FAIL

Testing modules/Pod-To-HTML with /home/coke/sandbox/rakudo-star-daily/star-jvm/rakudo-star-daily/install/bin/perl6-j...
===SORRY!===
Could not find Pod::To::HTML in:
    /home/coke/sandbox/rakudo-star-daily/star-jvm/rakudo-star-daily/modules/Pod-To-HTML
    /home/coke/sandbox/rakudo-star-daily/star-jvm/rakudo-star-daily/install/share/perl6/runtime
    /home/coke/sandbox/rakudo-star-daily/star-jvm/rakudo-star-daily/install/share/perl6/lib
    /home/coke/sandbox/rakudo-star-daily/star-jvm/rakudo-star-daily/install/share/nqp/lib
    /home/coke/.perl6
    /home/coke/sandbox/rakudo-star-daily/star-jvm/rakudo-star-daily/install/share/perl6/site
    /home/coke/sandbox/rakudo-star-daily/star-jvm/rakudo-star-daily/install/share/perl6/vendor
    /home/coke/sandbox/rakudo-star-daily/star-jvm/rakudo-star-daily/install/share/perl6
    CompUnit::Repository::AbsolutePath<1616754277>
    CompUnit::Repository::NQP<678548048>
    CompUnit::Repository::Perl5<1218877166>
t/01-basic.t ............. 
Dubious, test returned 1 (wstat 256, 0x100)
No subtests run 
===SORRY!===
Could not find Pod::To::HTML in:
    /home/coke/sandbox/rakudo-star-daily/star-jvm/rakudo-star-daily/modules/Pod-To-HTML
    /home/coke/sandbox/rakudo-star-daily/star-jvm/rakudo-star-daily/install/share/perl6/runtime
    /home/coke/sandbox/rakudo-star-daily/star-jvm/rakudo-star-daily/install/share/perl6/lib
    /home/coke/sandbox/rakudo-star-daily/star-jvm/rakudo-star-daily/install/share/nqp/lib
    /home/coke/.perl6
    /home/coke/sandbox/rakudo-star-daily/star-jvm/rakudo-star-daily/install/share/perl6/site
    /home/coke/sandbox/rakudo-star-daily/star-jvm/rakudo-star-daily/install/share/perl6/vendor
    /home/coke/sandbox/rakudo-star-daily/star-jvm/rakudo-star-daily/install/share/perl6
    CompUnit::Repository::AbsolutePath<1014309105>
    CompUnit::Repository::NQP<767937849>
    CompUnit::Repository::Perl5<354709673>
t/02-code.t .............. 
Dubious, test returned 1 (wstat 256, 0x100)
No subtests run 
===SORRY!===
Could not find Pod::To::HTML in:
    /home/coke/sandbox/rakudo-star-daily/star-jvm/rakudo-star-daily/modules/Pod-To-HTML
    /home/coke/sandbox/rakudo-star-daily/star-jvm/rakudo-star-daily/install/share/perl6/runtime
    /home/coke/sandbox/rakudo-star-daily/star-jvm/rakudo-star-daily/install/share/perl6/lib
    /home/coke/sandbox/rakudo-star-daily/star-jvm/rakudo-star-daily/install/share/nqp/lib
    /home/coke/.perl6
    /home/coke/sandbox/rakudo-star-daily/star-jvm/rakudo-star-daily/install/share/perl6/site
    /home/coke/sandbox/rakudo-star-daily/star-jvm/rakudo-star-daily/install/share/perl6/vendor
    /home/coke/sandbox/rakudo-star-daily/star-jvm/rakudo-star-daily/install/share/perl6
    CompUnit::Repository::AbsolutePath<731930336>
    CompUnit::Repository::NQP<766827136>
    CompUnit::Repository::Perl5<1014309105>
t/03-comment.t ........... 
Dubious, test returned 1 (wstat 256, 0x100)
No subtests run 
===SORRY!===
Could not find Pod::To::HTML in:
    /home/coke/sandbox/rakudo-star-daily/star-jvm/rakudo-star-daily/modules/Pod-To-HTML
    /home/coke/sandbox/rakudo-star-daily/star-jvm/rakudo-star-daily/install/share/perl6/runtime
    /home/coke/sandbox/rakudo-star-daily/star-jvm/rakudo-star-daily/install/share/perl6/lib
    /home/coke/sandbox/rakudo-star-daily/star-jvm/rakudo-star-daily/install/share/nqp/lib
    /home/coke/.perl6
    /home/coke/sandbox/rakudo-star-daily/star-jvm/rakudo-star-daily/install/share/perl6/site
    /home/coke/sandbox/rakudo-star-daily/star-jvm/rakudo-star-daily/install/share/perl6/vendor
    /home/coke/sandbox/rakudo-star-daily/star-jvm/rakudo-star-daily/install/share/perl6
    CompUnit::Repository::AbsolutePath<1218877166>
    CompUnit::Repository::NQP<822020229>
    CompUnit::Repository::Perl5<931687652>
t/04-lists.t ............. 
Dubious, test returned 1 (wstat 256, 0x100)
No subtests run 
===SORRY!===
Could not find Pod::To::HTML in:
    /home/coke/sandbox/rakudo-star-daily/star-jvm/rakudo-star-daily/modules/Pod-To-HTML
    /home/coke/sandbox/rakudo-star-daily/star-jvm/rakudo-star-daily/install/share/perl6/runtime
    /home/coke/sandbox/rakudo-star-daily/star-jvm/rakudo-star-daily/install/share/perl6/lib
    /home/coke/sandbox/rakudo-star-daily/star-jvm/rakudo-star-daily/install/share/nqp/lib
    /home/coke/.perl6
    /home/coke/sandbox/rakudo-star-daily/star-jvm/rakudo-star-daily/install/share/perl6/site
    /home/coke/sandbox/rakudo-star-daily/star-jvm/rakudo-star-daily/install/share/perl6/vendor
    /home/coke/sandbox/rakudo-star-daily/star-jvm/rakudo-star-daily/install/share/perl6
    CompUnit::Repository::AbsolutePath<354709673>
    CompUnit::Repository::NQP<190870039>
    CompUnit::Repository::Perl5<1759660502>
t/05-zero-width-index.t .. 
Dubious, test returned 1 (wstat 256, 0x100)
No subtests run 

Test Summary Report
-------------------
t/01-basic.t           (Wstat: 256 Tests: 0 Failed: 0)
  Non-zero exit status: 1
  Parse errors: No plan found in TAP output
t/02-code.t            (Wstat: 256 Tests: 0 Failed: 0)
  Non-zero exit status: 1
  Parse errors: No plan found in TAP output
t/03-comment.t         (Wstat: 256 Tests: 0 Failed: 0)
  Non-zero exit status: 1
  Parse errors: No plan found in TAP output
t/04-lists.t           (Wstat: 256 Tests: 0 Failed: 0)
  Non-zero exit status: 1
  Parse errors: No plan found in TAP output
t/05-zero-width-index.t (Wstat: 256 Tests: 0 Failed: 0)
  Non-zero exit status: 1
  Parse errors: No plan found in TAP output
Files=5, Tests=0, 48 wallclock secs ( 0.03 usr  0.00 sys + 107.92 cusr  2.18 csys = 110.13 CPU)
Result: FAIL

Testing modules/p6-file-directory-tree with /home/coke/sandbox/rakudo-star-daily/star-jvm/rakudo-star-daily/install/bin/perl6-j...
===SORRY!===
java.lang.RuntimeException: No such attribute '$!parts' for this object
t/basic.t .. 
Dubious, test returned 1 (wstat 256, 0x100)
No subtests run 

Test Summary Report
-------------------
t/basic.t (Wstat: 256 Tests: 0 Failed: 0)
  Non-zero exit status: 1
  Parse errors: No plan found in TAP output
Files=1, Tests=0,  4 wallclock secs ( 0.02 usr  0.01 sys +  9.26 cusr  0.19 csys =  9.48 CPU)
Result: FAIL

Testing modules/p6-File-Temp with /home/coke/sandbox/rakudo-star-daily/star-jvm/rakudo-star-daily/install/bin/perl6-j...
===SORRY!===
Could not find File::Directory::Tree in:
    /home/coke/sandbox/rakudo-star-daily/star-jvm/rakudo-star-daily/modules/p6-File-Temp
    /home/coke/sandbox/rakudo-star-daily/star-jvm/rakudo-star-daily/install/share/perl6/runtime
    /home/coke/sandbox/rakudo-star-daily/star-jvm/rakudo-star-daily/install/share/perl6/lib
    /home/coke/sandbox/rakudo-star-daily/star-jvm/rakudo-star-daily/install/share/nqp/lib
    /home/coke/.perl6
    /home/coke/sandbox/rakudo-star-daily/star-jvm/rakudo-star-daily/install/share/perl6/site
    /home/coke/sandbox/rakudo-star-daily/star-jvm/rakudo-star-daily/install/share/perl6/vendor
    /home/coke/sandbox/rakudo-star-daily/star-jvm/rakudo-star-daily/install/share/perl6
    CompUnit::Repository::AbsolutePath<1370558920>
    CompUnit::Repository::NQP<85362506>
    CompUnit::Repository::Perl5<740425512>
    CompUnit::Repository::AbsolutePath<1597336437>
    CompUnit::Repository::NQP<1811329466>
    CompUnit::Repository::Perl5<286155190>
# Looks like you planned 2 tests, but ran 1
t/stress_gc.t .. 
Dubious, test returned 255 (wstat 65280, 0xff00)
All 2 subtests passed 
===SORRY!===
Could not find File::Directory::Tree in:
    /home/coke/sandbox/rakudo-star-daily/star-jvm/rakudo-star-daily/modules/p6-File-Temp
    /home/coke/sandbox/rakudo-star-daily/star-jvm/rakudo-star-daily/install/share/perl6/runtime
    /home/coke/sandbox/rakudo-star-daily/star-jvm/rakudo-star-daily/install/share/perl6/lib
    /home/coke/sandbox/rakudo-star-daily/star-jvm/rakudo-star-daily/install/share/nqp/lib
    /home/coke/.perl6
    /home/coke/sandbox/rakudo-star-daily/star-jvm/rakudo-star-daily/install/share/perl6/site
    /home/coke/sandbox/rakudo-star-daily/star-jvm/rakudo-star-daily/install/share/perl6/vendor
    /home/coke/sandbox/rakudo-star-daily/star-jvm/rakudo-star-daily/install/share/perl6
    CompUnit::Repository::AbsolutePath<931687652>
    CompUnit::Repository::NQP<1571096887>
    CompUnit::Repository::Perl5<2113939944>
t/tempfile.t ... 
Dubious, test returned 1 (wstat 256, 0x100)
No subtests run 

Test Summary Report
-------------------
t/stress_gc.t (Wstat: 65280 Tests: 2 Failed: 0)
  Non-zero exit status: 255
t/tempfile.t (Wstat: 256 Tests: 0 Failed: 0)
  Non-zero exit status: 1
  Parse errors: No plan found in TAP output
Files=2, Tests=2, 35 wallclock secs ( 0.01 usr  0.02 sys + 81.08 cusr  1.45 csys = 82.56 CPU)
Result: FAIL

Testing modules/doc with /home/coke/sandbox/rakudo-star-daily/star-jvm/rakudo-star-daily/install/bin/perl6-j...
===SORRY!===
java.lang.RuntimeException: No such attribute '$!parts' for this object
t/pod-convenience.t .. 
Dubious, test returned 1 (wstat 256, 0x100)
No subtests run 
===SORRY!===
java.lang.RuntimeException: No such attribute '$!parts' for this object
t/pod-htmlify.t ...... 
Dubious, test returned 1 (wstat 256, 0x100)
No subtests run 
===SORRY!===
java.lang.RuntimeException: No such attribute '$!parts' for this object
t/typegraph.t ........ 
Dubious, test returned 1 (wstat 256, 0x100)
No subtests run 

Test Summary Report
-------------------
t/pod-convenience.t (Wstat: 256 Tests: 0 Failed: 0)
  Non-zero exit status: 1
  Parse errors: No plan found in TAP output
t/pod-htmlify.t    (Wstat: 256 Tests: 0 Failed: 0)
  Non-zero exit status: 1
  Parse errors: No plan found in TAP output
t/typegraph.t      (Wstat: 256 Tests: 0 Failed: 0)
  Non-zero exit status: 1
  Parse errors: No plan found in TAP output
Files=3, Tests=0, 13 wallclock secs ( 0.02 usr  0.01 sys + 27.65 cusr  0.78 csys = 28.46 CPU)
Result: FAIL

Testing modules/debugger-ui-commandline with /home/coke/sandbox/rakudo-star-daily/star-jvm/rakudo-star-daily/install/bin/perl6-j...
...no t/ directory found.

Testing modules/library-make with /home/coke/sandbox/rakudo-star-daily/star-jvm/rakudo-star-daily/install/bin/perl6-j...
===SORRY!===
java.lang.RuntimeException: No such attribute '$!parts' for this object
t/01-basic.t .. 
Dubious, test returned 1 (wstat 256, 0x100)
No subtests run 

Test Summary Report
-------------------
t/01-basic.t (Wstat: 256 Tests: 0 Failed: 0)
  Non-zero exit status: 1
  Parse errors: No plan found in TAP output
Files=1, Tests=0,  4 wallclock secs ( 0.02 usr  0.00 sys +  9.39 cusr  0.22 csys =  9.63 CPU)
Result: FAIL

Testing modules/Linenoise with /home/coke/sandbox/rakudo-star-daily/star-jvm/rakudo-star-daily/install/bin/perl6-j...
...no t/ directory found.

